Using pre-set license
Built from '2020.3/release' branch; Version is '2020.3.2f1 (8fd9074bf66c) revision 9427207'; Using compiler version '192528614'; Build Type 'Release'
OS: 'Windows 10 Pro; OS build 15063.483; Version 1703; 64bit' Language: 'en' Physical Memory: 8103 MB
BatchMode: 1, IsHumanControllingUs: 0, StartBugReporterOnCrash: 0, Is64bit: 1, IsPro: 0

 COMMAND LINE ARGUMENTS:
C:\Program Files\Unity\Hub\Editor\2020.3.2f1\Editor\Unity.exe
-adb2
-batchMode
-noUpm
-name
AssetImportWorker0
-projectPath
C:/Users/Naomi/Downloads/The Underwater Adventures
-logFile
Logs/AssetImportWorker0.log
-srvPort
62191
Successfully changed project path to: C:/Users/Naomi/Downloads/The Underwater Adventures
C:/Users/Naomi/Downloads/The Underwater Adventures
Using Asset Import Pipeline V2.
Refreshing native plugins compatible for Editor in 209.83 ms, found 1 plugins.
Preloading 0 native plugins for Editor in 0.00 ms.
Initialize engine version: 2020.3.2f1 (8fd9074bf66c)
[Subsystems] Discovering subsystems at path C:/Program Files/Unity/Hub/Editor/2020.3.2f1/Editor/Data/Resources/UnitySubsystems
[Subsystems] Discovering subsystems at path C:/Users/Naomi/Downloads/The Underwater Adventures/Assets
GfxDevice: creating device client; threaded=0
Direct3D:
    Version:  Direct3D 11.0 [level 11.1]
    Renderer: Intel(R) HD Graphics 5500 (ID=0x1616)
    Vendor:   
    VRAM:     4051 MB
    Driver:   20.19.15.4300
Initialize mono
Mono path[0] = 'C:/Program Files/Unity/Hub/Editor/2020.3.2f1/Editor/Data/Managed'
Mono path[1] = 'C:/Program Files/Unity/Hub/Editor/2020.3.2f1/Editor/Data/MonoBleedingEdge/lib/mono/unityjit'
Mono config path = 'C:/Program Files/Unity/Hub/Editor/2020.3.2f1/Editor/Data/MonoBleedingEdge/etc'
Using monoOptions --debugger-agent=transport=dt_socket,embedding=1,server=y,suspend=n,address=127.0.0.1:56048
Begin MonoManager ReloadAssembly
Registering precompiled unity dll's ...
Register platform support module: C:/Program Files/Unity/Hub/Editor/2020.3.2f1/Editor/Data/PlaybackEngines/WebGLSupport/UnityEditor.WebGL.Extensions.dll
Register platform support module: C:/Program Files/Unity/Hub/Editor/2020.3.2f1/Editor/Data/PlaybackEngines/WindowsStandaloneSupport/UnityEditor.WindowsStandalone.Extensions.dll
Registered in 0.015565 seconds.
Native extension for WindowsStandalone target not found
Native extension for WebGL target not found
Refreshing native plugins compatible for Editor in 177.83 ms, found 1 plugins.
Preloading 0 native plugins for Editor in 0.00 ms.
Invoked RoslynAnalysisRunner static constructor.
RoslynAnalysisRunner will not be running.
RoslynAnalysisRunner has terminated.
Mono: successfully reloaded assembly
- Completed reload, in  8.632 seconds
Platform modules already initialized, skipping
Registering precompiled user dll's ...
Registered in 0.003401 seconds.
Begin MonoManager ReloadAssembly
Native extension for WindowsStandalone target not found
Native extension for WebGL target not found
Refreshing native plugins compatible for Editor in 165.72 ms, found 1 plugins.
Preloading 0 native plugins for Editor in 0.00 ms.
Invoked RoslynAnalysisRunner static constructor.
RoslynAnalysisRunner will not be running.
RoslynAnalysisRunner has terminated.
Mono: successfully reloaded assembly
- Completed reload, in  4.354 seconds
Platform modules already initialized, skipping
========================================================================
Worker process is ready to serve import requests
Launched and connected shader compiler UnityShaderCompiler.exe after 0.31 seconds
Refreshing native plugins compatible for Editor in 2.32 ms, found 1 plugins.
Preloading 0 native plugins for Editor in 0.00 ms.
Unloading 1820 Unused Serialized files (Serialized files now loaded: 0)
System memory in use before: 99.8 MB.
System memory in use after: 99.9 MB.

Unloading 19 unused Assets to reduce memory usage. Loaded Objects now: 2284.
Total: 9.733421 ms (FindLiveObjects: 0.665003 ms CreateObjectMapping: 0.387028 ms MarkObjects: 8.489374 ms  DeleteObjects: 0.188168 ms)

========================================================================
Received Import Request.
  path: Assets/menu.unity
  artifactKey: Guid(21cd0f636ae5489419d5fbdd4e5d5c91) Importer(815301076,1909f56bfc062723c751e8b465ee728b)
Start importing Assets/menu.unity using Guid(21cd0f636ae5489419d5fbdd4e5d5c91) Importer(815301076,1909f56bfc062723c751e8b465ee728b)  -> (artifact id: 'e103ccb33450e18ef9b5a6e2f0056853') in 0.055802 seconds
  Import took 0.072453 seconds .

========================================================================
Received Import Request.
  Time since last request: 206.217632 seconds.
  path: Assets/menu.cs
  artifactKey: Guid(dd6ef01c13ed399449680e339a230427) Importer(815301076,1909f56bfc062723c751e8b465ee728b)
Start importing Assets/menu.cs using Guid(dd6ef01c13ed399449680e339a230427) Importer(815301076,1909f56bfc062723c751e8b465ee728b)  -> (artifact id: 'bfe3f9df7fa65877ad0726f70915532f') in 0.553445 seconds
  Import took 0.567108 seconds .

========================================================================
Received Prepare
Registering precompiled user dll's ...
Registered in 0.008140 seconds.
Begin MonoManager ReloadAssembly
Native extension for WindowsStandalone target not found
Native extension for WebGL target not found
Refreshing native plugins compatible for Editor in 0.51 ms, found 1 plugins.
Preloading 0 native plugins for Editor in 0.00 ms.
Invoked RoslynAnalysisRunner static constructor.
RoslynAnalysisRunner will not be running.
RoslynAnalysisRunner has terminated.
Mono: successfully reloaded assembly
- Completed reload, in  3.825 seconds
Platform modules already initialized, skipping
Refreshing native plugins compatible for Editor in 2.23 ms, found 1 plugins.
Preloading 0 native plugins for Editor in 0.00 ms.
Unloading 1798 Unused Serialized files (Serialized files now loaded: 0)
System memory in use before: 98.0 MB.
System memory in use after: 98.1 MB.

Unloading 7 unused Assets to reduce memory usage. Loaded Objects now: 2289.
Total: 7.640052 ms (FindLiveObjects: 0.577762 ms CreateObjectMapping: 0.237348 ms MarkObjects: 6.769774 ms  DeleteObjects: 0.050036 ms)

========================================================================
Received Prepare
Registering precompiled user dll's ...
Registered in 0.004570 seconds.
Begin MonoManager ReloadAssembly
Native extension for WindowsStandalone target not found
Native extension for WebGL target not found
Refreshing native plugins compatible for Editor in 1.71 ms, found 1 plugins.
Preloading 0 native plugins for Editor in 0.00 ms.
Invoked RoslynAnalysisRunner static constructor.
RoslynAnalysisRunner will not be running.
RoslynAnalysisRunner has terminated.
Mono: successfully reloaded assembly
- Completed reload, in  4.570 seconds
Platform modules already initialized, skipping
Refreshing native plugins compatible for Editor in 1.81 ms, found 1 plugins.
Preloading 0 native plugins for Editor in 0.00 ms.
Unloading 1798 Unused Serialized files (Serialized files now loaded: 0)
System memory in use before: 98.0 MB.
System memory in use after: 98.2 MB.

Unloading 7 unused Assets to reduce memory usage. Loaded Objects now: 2293.
Total: 7.270558 ms (FindLiveObjects: 0.452459 ms CreateObjectMapping: 0.230506 ms MarkObjects: 6.524300 ms  DeleteObjects: 0.058589 ms)

========================================================================
Received Import Request.
  Time since last request: 311.097077 seconds.
  path: Assets/menu.cs
  artifactKey: Guid(dd6ef01c13ed399449680e339a230427) Importer(815301076,1909f56bfc062723c751e8b465ee728b)
Start importing Assets/menu.cs using Guid(dd6ef01c13ed399449680e339a230427) Importer(815301076,1909f56bfc062723c751e8b465ee728b)  -> (artifact id: '227d6bf18366b28bdab46fa44d755cbb') in 0.026475 seconds
  Import took 0.041657 seconds .

========================================================================
Received Import Request.
  Time since last request: 0.005299 seconds.
  path: Assets/menu.cs
  artifactKey: Guid(dd6ef01c13ed399449680e339a230427) Importer(815301076,1909f56bfc062723c751e8b465ee728b)
Start importing Assets/menu.cs using Guid(dd6ef01c13ed399449680e339a230427) Importer(815301076,1909f56bfc062723c751e8b465ee728b)  -> (artifact id: '227d6bf18366b28bdab46fa44d755cbb') in 0.020462 seconds
  Import took 0.035674 seconds .

========================================================================
Received Prepare
Registering precompiled user dll's ...
Registered in 0.003420 seconds.
Begin MonoManager ReloadAssembly
Native extension for WindowsStandalone target not found
Native extension for WebGL target not found
Refreshing native plugins compatible for Editor in 1.49 ms, found 1 plugins.
Preloading 0 native plugins for Editor in 0.00 ms.
Invoked RoslynAnalysisRunner static constructor.
RoslynAnalysisRunner will not be running.
RoslynAnalysisRunner has terminated.
Mono: successfully reloaded assembly
- Completed reload, in  4.664 seconds
Platform modules already initialized, skipping
Refreshing native plugins compatible for Editor in 17.25 ms, found 1 plugins.
Preloading 0 native plugins for Editor in 0.00 ms.
Unloading 1797 Unused Serialized files (Serialized files now loaded: 0)
System memory in use before: 98.0 MB.
System memory in use after: 98.2 MB.

Unloading 8 unused Assets to reduce memory usage. Loaded Objects now: 2296.
Total: 5.038628 ms (FindLiveObjects: 0.473841 ms CreateObjectMapping: 0.260014 ms MarkObjects: 4.260724 ms  DeleteObjects: 0.040627 ms)

========================================================================
Received Prepare
Registering precompiled user dll's ...
Registered in 0.002302 seconds.
Begin MonoManager ReloadAssembly
Native extension for WindowsStandalone target not found
Native extension for WebGL target not found
Refreshing native plugins compatible for Editor in 1.17 ms, found 1 plugins.
Preloading 0 native plugins for Editor in 0.00 ms.
Invoked RoslynAnalysisRunner static constructor.
RoslynAnalysisRunner will not be running.
RoslynAnalysisRunner has terminated.
Mono: successfully reloaded assembly
- Completed reload, in  4.701 seconds
Platform modules already initialized, skipping
Refreshing native plugins compatible for Editor in 2.06 ms, found 1 plugins.
Preloading 0 native plugins for Editor in 0.00 ms.
Unloading 1797 Unused Serialized files (Serialized files now loaded: 0)
System memory in use before: 98.1 MB.
System memory in use after: 98.2 MB.

Unloading 7 unused Assets to reduce memory usage. Loaded Objects now: 2300.
Total: 10.391154 ms (FindLiveObjects: 0.763364 ms CreateObjectMapping: 0.313471 ms MarkObjects: 9.242901 ms  DeleteObjects: 0.065431 ms)

========================================================================
Received Import Request.
  Time since last request: 205.854689 seconds.
  path: Assets/game.unity
  artifactKey: Guid(2dcae0da6afb068479cf0eb30a7c6106) Importer(815301076,1909f56bfc062723c751e8b465ee728b)
Start importing Assets/game.unity using Guid(2dcae0da6afb068479cf0eb30a7c6106) Importer(815301076,1909f56bfc062723c751e8b465ee728b)  -> (artifact id: '9301ae15d07265ae25cc21f9dc800d81') in 0.045761 seconds
  Import took 0.057895 seconds .

========================================================================
Received Prepare
Registering precompiled user dll's ...
Registered in 0.004264 seconds.
Begin MonoManager ReloadAssembly
Native extension for WindowsStandalone target not found
Native extension for WebGL target not found
Refreshing native plugins compatible for Editor in 1.04 ms, found 1 plugins.
Preloading 0 native plugins for Editor in 0.00 ms.
Invoked RoslynAnalysisRunner static constructor.
RoslynAnalysisRunner will not be running.
RoslynAnalysisRunner has terminated.
Mono: successfully reloaded assembly
- Completed reload, in  6.265 seconds
Platform modules already initialized, skipping
Refreshing native plugins compatible for Editor in 14.93 ms, found 1 plugins.
Preloading 0 native plugins for Editor in 0.00 ms.
Unloading 1798 Unused Serialized files (Serialized files now loaded: 0)
System memory in use before: 98.1 MB.
System memory in use after: 98.2 MB.

Unloading 7 unused Assets to reduce memory usage. Loaded Objects now: 2305.
Total: 5.136133 ms (FindLiveObjects: 0.588025 ms CreateObjectMapping: 0.269850 ms MarkObjects: 4.248322 ms  DeleteObjects: 0.026087 ms)

========================================================================
Received Import Request.
  Time since last request: 6331.469460 seconds.
  path: Assets/game.unity
  artifactKey: Guid(2dcae0da6afb068479cf0eb30a7c6106) Importer(815301076,1909f56bfc062723c751e8b465ee728b)
Start importing Assets/game.unity using Guid(2dcae0da6afb068479cf0eb30a7c6106) Importer(815301076,1909f56bfc062723c751e8b465ee728b)  -> (artifact id: 'e3e91f9aa44d2e81e7dcbc076510b4c9') in 0.123452 seconds
  Import took 0.170461 seconds .

========================================================================
Received Import Request.
  Time since last request: 18.441630 seconds.
  path: Assets/instructions.unity
  artifactKey: Guid(c7fe9531aabc45148878e5fe8032e508) Importer(815301076,1909f56bfc062723c751e8b465ee728b)
Start importing Assets/instructions.unity using Guid(c7fe9531aabc45148878e5fe8032e508) Importer(815301076,1909f56bfc062723c751e8b465ee728b)  -> (artifact id: 'c0fe8312a142e8a453efe682a29de111') in 0.024841 seconds
  Import took 0.057531 seconds .

========================================================================
Received Import Request.
  Time since last request: 3.157500 seconds.
  path: Assets/menu.unity
  artifactKey: Guid(21cd0f636ae5489419d5fbdd4e5d5c91) Importer(815301076,1909f56bfc062723c751e8b465ee728b)
Start importing Assets/menu.unity using Guid(21cd0f636ae5489419d5fbdd4e5d5c91) Importer(815301076,1909f56bfc062723c751e8b465ee728b)  -> (artifact id: 'a63cc46b0a42fb2cc283dad9a99ad401') in 0.017781 seconds
  Import took 0.043661 seconds .

========================================================================
Received Import Request.
  Time since last request: 77.578262 seconds.
  path: Assets/Scenes/Menu.unity
  artifactKey: Guid(2cda990e2423bbf4892e6590ba056729) Importer(815301076,1909f56bfc062723c751e8b465ee728b)
Start importing Assets/Scenes/Menu.unity using Guid(2cda990e2423bbf4892e6590ba056729) Importer(815301076,1909f56bfc062723c751e8b465ee728b)  -> (artifact id: 'e770747e80b5c7abdd692a7a5201923d') in 0.029120 seconds
  Import took 0.061803 seconds .

