Using pre-set license
Built from '2020.3/release' branch; Version is '2020.3.2f1 (8fd9074bf66c) revision 9427207'; Using compiler version '192528614'; Build Type 'Release'
OS: 'Windows 10 Pro; OS build 15063.483; Version 1703; 64bit' Language: 'en' Physical Memory: 8103 MB
BatchMode: 1, IsHumanControllingUs: 0, StartBugReporterOnCrash: 0, Is64bit: 1, IsPro: 0

 COMMAND LINE ARGUMENTS:
C:\Program Files\Unity\Hub\Editor\2020.3.2f1\Editor\Unity.exe
-adb2
-batchMode
-noUpm
-name
AssetImportWorker2
-projectPath
C:/Users/Naomi/Downloads/The Underwater Adventures
-logFile
Logs/AssetImportWorker2.log
-srvPort
57217
Successfully changed project path to: C:/Users/Naomi/Downloads/The Underwater Adventures
C:/Users/Naomi/Downloads/The Underwater Adventures
Using Asset Import Pipeline V2.
Refreshing native plugins compatible for Editor in 227.67 ms, found 1 plugins.
Preloading 0 native plugins for Editor in 0.00 ms.
Initialize engine version: 2020.3.2f1 (8fd9074bf66c)
[Subsystems] Discovering subsystems at path C:/Program Files/Unity/Hub/Editor/2020.3.2f1/Editor/Data/Resources/UnitySubsystems
[Subsystems] Discovering subsystems at path C:/Users/Naomi/Downloads/The Underwater Adventures/Assets
GfxDevice: creating device client; threaded=0
Direct3D:
    Version:  Direct3D 11.0 [level 11.1]
    Renderer: Intel(R) HD Graphics 5500 (ID=0x1616)
    Vendor:   
    VRAM:     4051 MB
    Driver:   20.19.15.4300
Initialize mono
Mono path[0] = 'C:/Program Files/Unity/Hub/Editor/2020.3.2f1/Editor/Data/Managed'
Mono path[1] = 'C:/Program Files/Unity/Hub/Editor/2020.3.2f1/Editor/Data/MonoBleedingEdge/lib/mono/unityjit'
Mono config path = 'C:/Program Files/Unity/Hub/Editor/2020.3.2f1/Editor/Data/MonoBleedingEdge/etc'
Using monoOptions --debugger-agent=transport=dt_socket,embedding=1,server=y,suspend=n,address=127.0.0.1:56496
Begin MonoManager ReloadAssembly
Registering precompiled unity dll's ...
Register platform support module: C:/Program Files/Unity/Hub/Editor/2020.3.2f1/Editor/Data/PlaybackEngines/WebGLSupport/UnityEditor.WebGL.Extensions.dll
Register platform support module: C:/Program Files/Unity/Hub/Editor/2020.3.2f1/Editor/Data/PlaybackEngines/WindowsStandaloneSupport/UnityEditor.WindowsStandalone.Extensions.dll
Registered in 0.005746 seconds.
Native extension for WindowsStandalone target not found
Native extension for WebGL target not found
Refreshing native plugins compatible for Editor in 249.00 ms, found 1 plugins.
Preloading 0 native plugins for Editor in 0.00 ms.
Invoked RoslynAnalysisRunner static constructor.
RoslynAnalysisRunner will not be running.
RoslynAnalysisRunner has terminated.
Mono: successfully reloaded assembly
- Completed reload, in 13.877 seconds
Platform modules already initialized, skipping
Registering precompiled user dll's ...
Registered in 0.004175 seconds.
Begin MonoManager ReloadAssembly
Native extension for WindowsStandalone target not found
Native extension for WebGL target not found
Refreshing native plugins compatible for Editor in 310.38 ms, found 1 plugins.
Preloading 0 native plugins for Editor in 0.00 ms.
Invoked RoslynAnalysisRunner static constructor.
RoslynAnalysisRunner will not be running.
RoslynAnalysisRunner has terminated.
Mono: successfully reloaded assembly
- Completed reload, in  6.358 seconds
Platform modules already initialized, skipping
========================================================================
Worker process is ready to serve import requests
Launched and connected shader compiler UnityShaderCompiler.exe after 0.25 seconds
Refreshing native plugins compatible for Editor in 1.45 ms, found 1 plugins.
Preloading 0 native plugins for Editor in 0.00 ms.
Unloading 1832 Unused Serialized files (Serialized files now loaded: 0)
System memory in use before: 100.9 MB.
System memory in use after: 101.0 MB.

Unloading 19 unused Assets to reduce memory usage. Loaded Objects now: 2301.
Total: 5.512035 ms (FindLiveObjects: 0.410120 ms CreateObjectMapping: 0.163792 ms MarkObjects: 4.752948 ms  DeleteObjects: 0.180042 ms)

========================================================================
Received Import Request.
  path: Assets/GameOverScreen.cs
  artifactKey: Guid(82f43a9eed740af4eb8095634260f761) Importer(815301076,1909f56bfc062723c751e8b465ee728b)
Start importing Assets/GameOverScreen.cs using Guid(82f43a9eed740af4eb8095634260f761) Importer(815301076,1909f56bfc062723c751e8b465ee728b)  -> (artifact id: 'b0215b219cec1b1979b01e75db879bb2') in 0.078676 seconds
  Import took 0.086555 seconds .

========================================================================
Received Import Request.
  Time since last request: 72.104921 seconds.
  path: Assets/GameOverScreen.cs
  artifactKey: Guid(82f43a9eed740af4eb8095634260f761) Importer(815301076,1909f56bfc062723c751e8b465ee728b)
Start importing Assets/GameOverScreen.cs using Guid(82f43a9eed740af4eb8095634260f761) Importer(815301076,1909f56bfc062723c751e8b465ee728b)  -> (artifact id: 'dc41eb9c097ebfa3410d29992b46b5b4') in 0.015551 seconds
  Import took 0.055988 seconds .

========================================================================
Received Import Request.
  Time since last request: 0.009749 seconds.
  path: Assets/GameOverScreen.cs
  artifactKey: Guid(82f43a9eed740af4eb8095634260f761) Importer(815301076,1909f56bfc062723c751e8b465ee728b)
Start importing Assets/GameOverScreen.cs using Guid(82f43a9eed740af4eb8095634260f761) Importer(815301076,1909f56bfc062723c751e8b465ee728b)  -> (artifact id: 'dc41eb9c097ebfa3410d29992b46b5b4') in 0.020695 seconds
  Import took 0.036544 seconds .

========================================================================
Received Prepare
Registering precompiled user dll's ...
Registered in 0.006205 seconds.
Begin MonoManager ReloadAssembly
Native extension for WindowsStandalone target not found
Native extension for WebGL target not found
Refreshing native plugins compatible for Editor in 1.12 ms, found 1 plugins.
Preloading 0 native plugins for Editor in 0.00 ms.
Invoked RoslynAnalysisRunner static constructor.
RoslynAnalysisRunner will not be running.
RoslynAnalysisRunner has terminated.
Mono: successfully reloaded assembly
- Completed reload, in  5.086 seconds
Platform modules already initialized, skipping
Refreshing native plugins compatible for Editor in 2.16 ms, found 1 plugins.
Preloading 0 native plugins for Editor in 0.00 ms.
Unloading 1806 Unused Serialized files (Serialized files now loaded: 0)
System memory in use before: 98.9 MB.
System memory in use after: 99.0 MB.

Unloading 8 unused Assets to reduce memory usage. Loaded Objects now: 2304.
Total: 7.455723 ms (FindLiveObjects: 0.537561 ms CreateObjectMapping: 0.249750 ms MarkObjects: 6.610251 ms  DeleteObjects: 0.053029 ms)

========================================================================
Received Prepare
Registering precompiled user dll's ...
Registered in 0.003515 seconds.
Begin MonoManager ReloadAssembly
Native extension for WindowsStandalone target not found
Native extension for WebGL target not found
Refreshing native plugins compatible for Editor in 1.35 ms, found 1 plugins.
Preloading 0 native plugins for Editor in 0.00 ms.
Invoked RoslynAnalysisRunner static constructor.
RoslynAnalysisRunner will not be running.
RoslynAnalysisRunner has terminated.
Mono: successfully reloaded assembly
- Completed reload, in  4.571 seconds
Platform modules already initialized, skipping
Refreshing native plugins compatible for Editor in 2.07 ms, found 1 plugins.
Preloading 0 native plugins for Editor in 0.00 ms.
Unloading 1806 Unused Serialized files (Serialized files now loaded: 0)
System memory in use before: 99.0 MB.
System memory in use after: 99.1 MB.

Unloading 7 unused Assets to reduce memory usage. Loaded Objects now: 2308.
Total: 7.072117 ms (FindLiveObjects: 0.475979 ms CreateObjectMapping: 0.235637 ms MarkObjects: 6.298491 ms  DeleteObjects: 0.052174 ms)

========================================================================
Received Import Request.
  Time since last request: 360.783269 seconds.
  path: Assets/video/MovingBubbles.mp4
  artifactKey: Guid(eee15332abe75694f988b47f28dba0fb) Importer(815301076,1909f56bfc062723c751e8b465ee728b)
Start importing Assets/video/MovingBubbles.mp4 using Guid(eee15332abe75694f988b47f28dba0fb) Importer(815301076,1909f56bfc062723c751e8b465ee728b)  -> (artifact id: '2949ff88f75f4ed3d53f8386487046b5') in 0.198010 seconds
  Import took 0.216529 seconds .

========================================================================
Received Import Request.
  Time since last request: 30.001868 seconds.
  path: Assets/video/MovingBubbles.mp4
  artifactKey: Guid(eee15332abe75694f988b47f28dba0fb) Importer(815301076,1909f56bfc062723c751e8b465ee728b)
Start importing Assets/video/MovingBubbles.mp4 using Guid(eee15332abe75694f988b47f28dba0fb) Importer(815301076,1909f56bfc062723c751e8b465ee728b)  -> (artifact id: 'f59627ed55c884601302ec780a2f7bc3') in 0.031443 seconds
  Import took 0.047172 seconds .

========================================================================
Received Import Request.
  Time since last request: 0.002031 seconds.
  path: Assets/video/MovingBubbles.mp4
  artifactKey: Guid(eee15332abe75694f988b47f28dba0fb) Importer(815301076,1909f56bfc062723c751e8b465ee728b)
Start importing Assets/video/MovingBubbles.mp4 using Guid(eee15332abe75694f988b47f28dba0fb) Importer(815301076,1909f56bfc062723c751e8b465ee728b)  -> (artifact id: 'f59627ed55c884601302ec780a2f7bc3') in 0.018510 seconds
  Import took 0.035316 seconds .

========================================================================
Received Import Request.
  Time since last request: 35.204961 seconds.
  path: Assets/video/GIF.mp4
  artifactKey: Guid(80309691dd784cb4294215c5168e7d91) Importer(815301076,1909f56bfc062723c751e8b465ee728b)
Start importing Assets/video/GIF.mp4 using Guid(80309691dd784cb4294215c5168e7d91) Importer(815301076,1909f56bfc062723c751e8b465ee728b)  -> (artifact id: '860198849ec1feac8676ec64db22e9d0') in 0.029089 seconds
  Import took 0.098606 seconds .

========================================================================
Received Import Request.
  Time since last request: 45.703905 seconds.
  path: Assets/video/GIF.mp4
  artifactKey: Guid(80309691dd784cb4294215c5168e7d91) Importer(815301076,1909f56bfc062723c751e8b465ee728b)
Start importing Assets/video/GIF.mp4 using Guid(80309691dd784cb4294215c5168e7d91) Importer(815301076,1909f56bfc062723c751e8b465ee728b)  -> (artifact id: '3f49ddb73b3c1fb524b5c8dc0307c595') in 0.017653 seconds
  Import took 0.048150 seconds .

========================================================================
Received Import Request.
  Time since last request: 78.762139 seconds.
  path: Assets/video/GIF.mp4
  artifactKey: Guid(80309691dd784cb4294215c5168e7d91) Importer(815301076,1909f56bfc062723c751e8b465ee728b)
Start importing Assets/video/GIF.mp4 using Guid(80309691dd784cb4294215c5168e7d91) Importer(815301076,1909f56bfc062723c751e8b465ee728b)  -> (artifact id: '7a033cce4bf94fe817cc90c8a1646778') in 0.033056 seconds
  Import took 0.062863 seconds .

========================================================================
Received Import Request.
  Time since last request: 98.427590 seconds.
  path: Assets/video/GIF.mp4
  artifactKey: Guid(80309691dd784cb4294215c5168e7d91) Importer(815301076,1909f56bfc062723c751e8b465ee728b)
Start importing Assets/video/GIF.mp4 using Guid(80309691dd784cb4294215c5168e7d91) Importer(815301076,1909f56bfc062723c751e8b465ee728b)  -> (artifact id: '583df8b8494b187c79589811b7dd193d') in 0.054854 seconds
  Import took 0.065355 seconds .

========================================================================
Received Import Request.
  Time since last request: 69.913630 seconds.
  path: Assets/video/New Render Texture.renderTexture
  artifactKey: Guid(348474547eb5c7f41a254decba368827) Importer(815301076,1909f56bfc062723c751e8b465ee728b)
Start importing Assets/video/New Render Texture.renderTexture using Guid(348474547eb5c7f41a254decba368827) Importer(815301076,1909f56bfc062723c751e8b465ee728b)  -> (artifact id: '534b9fd08699e9980befd87d17893e47') in 0.463780 seconds
  Import took 0.538199 seconds .

========================================================================
Received Prepare
Registering precompiled user dll's ...
Registered in 0.057581 seconds.
Begin MonoManager ReloadAssembly
Native extension for WindowsStandalone target not found
Native extension for WebGL target not found
Refreshing native plugins compatible for Editor in 1.13 ms, found 1 plugins.
Preloading 0 native plugins for Editor in 0.00 ms.
Invoked RoslynAnalysisRunner static constructor.
RoslynAnalysisRunner will not be running.
RoslynAnalysisRunner has terminated.
Mono: successfully reloaded assembly
- Completed reload, in  4.021 seconds
Platform modules already initialized, skipping
Refreshing native plugins compatible for Editor in 1.78 ms, found 1 plugins.
Preloading 0 native plugins for Editor in 0.00 ms.
Unloading 1806 Unused Serialized files (Serialized files now loaded: 0)
System memory in use before: 102.1 MB.
System memory in use after: 102.2 MB.

Unloading 7 unused Assets to reduce memory usage. Loaded Objects now: 2317.
Total: 8.279812 ms (FindLiveObjects: 0.776620 ms CreateObjectMapping: 0.436207 ms MarkObjects: 7.010535 ms  DeleteObjects: 0.051319 ms)

========================================================================
Received Prepare
Registering precompiled user dll's ...
Registered in 0.003638 seconds.
Begin MonoManager ReloadAssembly
Native extension for WindowsStandalone target not found
Native extension for WebGL target not found
Refreshing native plugins compatible for Editor in 2.30 ms, found 1 plugins.
Preloading 0 native plugins for Editor in 0.00 ms.
Invoked RoslynAnalysisRunner static constructor.
RoslynAnalysisRunner will not be running.
RoslynAnalysisRunner has terminated.
Mono: successfully reloaded assembly
- Completed reload, in  5.445 seconds
Platform modules already initialized, skipping
Refreshing native plugins compatible for Editor in 3.56 ms, found 1 plugins.
Preloading 0 native plugins for Editor in 0.00 ms.
Unloading 1806 Unused Serialized files (Serialized files now loaded: 0)
System memory in use before: 102.1 MB.
System memory in use after: 102.2 MB.

Unloading 7 unused Assets to reduce memory usage. Loaded Objects now: 2321.
Total: 6.414385 ms (FindLiveObjects: 0.589735 ms CreateObjectMapping: 0.405416 ms MarkObjects: 5.370481 ms  DeleteObjects: 0.043193 ms)

========================================================================
Received Prepare
Registering precompiled user dll's ...
Registered in 0.008488 seconds.
Begin MonoManager ReloadAssembly
Native extension for WindowsStandalone target not found
Native extension for WebGL target not found
Refreshing native plugins compatible for Editor in 1.53 ms, found 1 plugins.
Preloading 0 native plugins for Editor in 0.00 ms.
Invoked RoslynAnalysisRunner static constructor.
RoslynAnalysisRunner will not be running.
RoslynAnalysisRunner has terminated.
Mono: successfully reloaded assembly
- Completed reload, in  5.381 seconds
Platform modules already initialized, skipping
Refreshing native plugins compatible for Editor in 3.29 ms, found 1 plugins.
Preloading 0 native plugins for Editor in 0.00 ms.
Unloading 1806 Unused Serialized files (Serialized files now loaded: 0)
System memory in use before: 102.1 MB.
System memory in use after: 102.2 MB.

Unloading 7 unused Assets to reduce memory usage. Loaded Objects now: 2325.
Total: 10.884226 ms (FindLiveObjects: 1.783746 ms CreateObjectMapping: 1.414680 ms MarkObjects: 7.605829 ms  DeleteObjects: 0.053457 ms)

========================================================================
Received Prepare
Registering precompiled user dll's ...
Registered in 0.005223 seconds.
Begin MonoManager ReloadAssembly
Native extension for WindowsStandalone target not found
Native extension for WebGL target not found
Refreshing native plugins compatible for Editor in 1.18 ms, found 1 plugins.
Preloading 0 native plugins for Editor in 0.00 ms.
Invoked RoslynAnalysisRunner static constructor.
RoslynAnalysisRunner will not be running.
RoslynAnalysisRunner has terminated.
Mono: successfully reloaded assembly
- Completed reload, in  4.756 seconds
Platform modules already initialized, skipping
Refreshing native plugins compatible for Editor in 1.81 ms, found 1 plugins.
Preloading 0 native plugins for Editor in 0.00 ms.
Unloading 1806 Unused Serialized files (Serialized files now loaded: 0)
System memory in use before: 102.1 MB.
System memory in use after: 102.2 MB.

Unloading 7 unused Assets to reduce memory usage. Loaded Objects now: 2329.
Total: 7.680669 ms (FindLiveObjects: 0.573484 ms CreateObjectMapping: 0.236493 ms MarkObjects: 6.816807 ms  DeleteObjects: 0.049180 ms)

========================================================================
Received Prepare
Registering precompiled user dll's ...
Registered in 0.003500 seconds.
Begin MonoManager ReloadAssembly
Native extension for WindowsStandalone target not found
Native extension for WebGL target not found
Refreshing native plugins compatible for Editor in 1.48 ms, found 1 plugins.
Preloading 0 native plugins for Editor in 0.00 ms.
Invoked RoslynAnalysisRunner static constructor.
RoslynAnalysisRunner will not be running.
RoslynAnalysisRunner has terminated.
Mono: successfully reloaded assembly
- Completed reload, in  4.813 seconds
Platform modules already initialized, skipping
Refreshing native plugins compatible for Editor in 1.35 ms, found 1 plugins.
Preloading 0 native plugins for Editor in 0.00 ms.
Unloading 1806 Unused Serialized files (Serialized files now loaded: 0)
System memory in use before: 102.1 MB.
System memory in use after: 102.2 MB.

Unloading 7 unused Assets to reduce memory usage. Loaded Objects now: 2333.
Total: 15.354068 ms (FindLiveObjects: 0.710761 ms CreateObjectMapping: 0.280541 ms MarkObjects: 14.314013 ms  DeleteObjects: 0.044048 ms)

========================================================================
Received Prepare
Registering precompiled user dll's ...
Registered in 0.006362 seconds.
Begin MonoManager ReloadAssembly
Native extension for WindowsStandalone target not found
Native extension for WebGL target not found
Refreshing native plugins compatible for Editor in 1.42 ms, found 1 plugins.
Preloading 0 native plugins for Editor in 0.00 ms.
Invoked RoslynAnalysisRunner static constructor.
RoslynAnalysisRunner will not be running.
RoslynAnalysisRunner has terminated.
Mono: successfully reloaded assembly
- Completed reload, in  3.624 seconds
Platform modules already initialized, skipping
Refreshing native plugins compatible for Editor in 1.75 ms, found 1 plugins.
Preloading 0 native plugins for Editor in 0.00 ms.
Unloading 1806 Unused Serialized files (Serialized files now loaded: 0)
System memory in use before: 102.1 MB.
System memory in use after: 102.2 MB.

Unloading 7 unused Assets to reduce memory usage. Loaded Objects now: 2337.
Total: 6.925004 ms (FindLiveObjects: 0.532857 ms CreateObjectMapping: 0.384461 ms MarkObjects: 5.959361 ms  DeleteObjects: 0.043193 ms)

========================================================================
Received Prepare
Registering precompiled user dll's ...
Registered in 0.003187 seconds.
Begin MonoManager ReloadAssembly
Native extension for WindowsStandalone target not found
Native extension for WebGL target not found
Refreshing native plugins compatible for Editor in 1.02 ms, found 1 plugins.
Preloading 0 native plugins for Editor in 0.00 ms.
Invoked RoslynAnalysisRunner static constructor.
RoslynAnalysisRunner will not be running.
RoslynAnalysisRunner has terminated.
Mono: successfully reloaded assembly
- Completed reload, in  6.554 seconds
Platform modules already initialized, skipping
Refreshing native plugins compatible for Editor in 1.28 ms, found 1 plugins.
Preloading 0 native plugins for Editor in 0.00 ms.
Unloading 1806 Unused Serialized files (Serialized files now loaded: 0)
System memory in use before: 102.1 MB.
System memory in use after: 102.2 MB.

Unloading 7 unused Assets to reduce memory usage. Loaded Objects now: 2341.
Total: 6.460572 ms (FindLiveObjects: 0.846328 ms CreateObjectMapping: 0.396863 ms MarkObjects: 5.169056 ms  DeleteObjects: 0.044904 ms)

========================================================================
Received Import Request.
  Time since last request: 2107.679897 seconds.
  path: Assets/video/Video1.renderTexture
  artifactKey: Guid(348474547eb5c7f41a254decba368827) Importer(815301076,1909f56bfc062723c751e8b465ee728b)
Start importing Assets/video/Video1.renderTexture using Guid(348474547eb5c7f41a254decba368827) Importer(815301076,1909f56bfc062723c751e8b465ee728b)  -> (artifact id: 'a8cad6a1e8faecd521d4e3cf79a40633') in 0.319011 seconds
  Import took 0.349844 seconds .

========================================================================
Received Prepare
Registering precompiled user dll's ...
Registered in 0.005702 seconds.
Begin MonoManager ReloadAssembly
Native extension for WindowsStandalone target not found
Native extension for WebGL target not found
Refreshing native plugins compatible for Editor in 1.29 ms, found 1 plugins.
Preloading 0 native plugins for Editor in 0.00 ms.
Invoked RoslynAnalysisRunner static constructor.
RoslynAnalysisRunner will not be running.
RoslynAnalysisRunner has terminated.
Mono: successfully reloaded assembly
- Completed reload, in  4.987 seconds
Platform modules already initialized, skipping
Refreshing native plugins compatible for Editor in 8.75 ms, found 1 plugins.
Preloading 0 native plugins for Editor in 0.00 ms.
Unloading 1806 Unused Serialized files (Serialized files now loaded: 0)
System memory in use before: 102.1 MB.
System memory in use after: 102.2 MB.

Unloading 7 unused Assets to reduce memory usage. Loaded Objects now: 2346.
Total: 7.787155 ms (FindLiveObjects: 0.617105 ms CreateObjectMapping: 0.292515 ms MarkObjects: 6.807827 ms  DeleteObjects: 0.064148 ms)

========================================================================
Received Prepare
Registering precompiled user dll's ...
Registered in 0.009039 seconds.
Begin MonoManager ReloadAssembly
Native extension for WindowsStandalone target not found
Native extension for WebGL target not found
Refreshing native plugins compatible for Editor in 1.19 ms, found 1 plugins.
Preloading 0 native plugins for Editor in 0.00 ms.
Invoked RoslynAnalysisRunner static constructor.
RoslynAnalysisRunner will not be running.
RoslynAnalysisRunner has terminated.
Mono: successfully reloaded assembly
- Completed reload, in  5.492 seconds
Platform modules already initialized, skipping
Refreshing native plugins compatible for Editor in 1.82 ms, found 1 plugins.
Preloading 0 native plugins for Editor in 0.00 ms.
Unloading 1806 Unused Serialized files (Serialized files now loaded: 0)
System memory in use before: 102.1 MB.
System memory in use after: 102.3 MB.

Unloading 7 unused Assets to reduce memory usage. Loaded Objects now: 2350.
Total: 8.086940 ms (FindLiveObjects: 0.573057 ms CreateObjectMapping: 0.210834 ms MarkObjects: 7.243179 ms  DeleteObjects: 0.055167 ms)

========================================================================
Received Import Request.
  Time since last request: 11006.728269 seconds.
  path: Assets/GameOver.cs
  artifactKey: Guid(68d42d14f513bf746b7df47182e7e618) Importer(815301076,1909f56bfc062723c751e8b465ee728b)
Start importing Assets/GameOver.cs using Guid(68d42d14f513bf746b7df47182e7e618) Importer(815301076,1909f56bfc062723c751e8b465ee728b)  -> (artifact id: '6e8c83b72aa645a7c91d3dad65122d75') in 0.189636 seconds
  Import took 0.346784 seconds .

========================================================================
Received Prepare
Registering precompiled user dll's ...
Registered in 0.005537 seconds.
Begin MonoManager ReloadAssembly
Native extension for WindowsStandalone target not found
Native extension for WebGL target not found
Refreshing native plugins compatible for Editor in 1.22 ms, found 1 plugins.
Preloading 0 native plugins for Editor in 0.00 ms.
Invoked RoslynAnalysisRunner static constructor.
RoslynAnalysisRunner will not be running.
RoslynAnalysisRunner has terminated.
Mono: successfully reloaded assembly
- Completed reload, in  5.991 seconds
Platform modules already initialized, skipping
Refreshing native plugins compatible for Editor in 1.93 ms, found 1 plugins.
Preloading 0 native plugins for Editor in 0.00 ms.
Unloading 1807 Unused Serialized files (Serialized files now loaded: 0)
System memory in use before: 102.2 MB.
System memory in use after: 102.3 MB.

Unloading 7 unused Assets to reduce memory usage. Loaded Objects now: 2355.
Total: 47.910952 ms (FindLiveObjects: 0.909193 ms CreateObjectMapping: 0.867710 ms MarkObjects: 46.012595 ms  DeleteObjects: 0.110762 ms)

========================================================================
Received Prepare
Registering precompiled user dll's ...
Registered in 0.014704 seconds.
Begin MonoManager ReloadAssembly
Native extension for WindowsStandalone target not found
Native extension for WebGL target not found
Refreshing native plugins compatible for Editor in 1.53 ms, found 1 plugins.
Preloading 0 native plugins for Editor in 0.00 ms.
Invoked RoslynAnalysisRunner static constructor.
RoslynAnalysisRunner will not be running.
RoslynAnalysisRunner has terminated.
Mono: successfully reloaded assembly
- Completed reload, in  4.657 seconds
Platform modules already initialized, skipping
Refreshing native plugins compatible for Editor in 1.19 ms, found 1 plugins.
Preloading 0 native plugins for Editor in 0.00 ms.
Unloading 1806 Unused Serialized files (Serialized files now loaded: 0)
System memory in use before: 102.2 MB.
System memory in use after: 102.3 MB.

Unloading 7 unused Assets to reduce memory usage. Loaded Objects now: 2358.
Total: 8.553083 ms (FindLiveObjects: 0.539700 ms CreateObjectMapping: 0.203563 ms MarkObjects: 7.770476 ms  DeleteObjects: 0.035495 ms)

========================================================================
Received Prepare
Registering precompiled user dll's ...
Registered in 0.003475 seconds.
Begin MonoManager ReloadAssembly
Native extension for WindowsStandalone target not found
Native extension for WebGL target not found
Refreshing native plugins compatible for Editor in 3.37 ms, found 1 plugins.
Preloading 0 native plugins for Editor in 0.00 ms.
Invoked RoslynAnalysisRunner static constructor.
RoslynAnalysisRunner will not be running.
RoslynAnalysisRunner has terminated.
Mono: successfully reloaded assembly
- Completed reload, in  3.162 seconds
Platform modules already initialized, skipping
Refreshing native plugins compatible for Editor in 53.65 ms, found 1 plugins.
Preloading 0 native plugins for Editor in 0.00 ms.
Unloading 1806 Unused Serialized files (Serialized files now loaded: 0)
System memory in use before: 102.2 MB.
System memory in use after: 102.3 MB.

Unloading 7 unused Assets to reduce memory usage. Loaded Objects now: 2362.
Total: 12.008529 ms (FindLiveObjects: 0.390448 ms CreateObjectMapping: 0.117177 ms MarkObjects: 11.423071 ms  DeleteObjects: 0.075267 ms)

========================================================================
Received Prepare
Registering precompiled user dll's ...
Registered in 0.003494 seconds.
Begin MonoManager ReloadAssembly
Native extension for WindowsStandalone target not found
Native extension for WebGL target not found
Refreshing native plugins compatible for Editor in 1.45 ms, found 1 plugins.
Preloading 0 native plugins for Editor in 0.00 ms.
Invoked RoslynAnalysisRunner static constructor.
RoslynAnalysisRunner will not be running.
RoslynAnalysisRunner has terminated.
Mono: successfully reloaded assembly
- Completed reload, in  6.299 seconds
Platform modules already initialized, skipping
Refreshing native plugins compatible for Editor in 1.82 ms, found 1 plugins.
Preloading 0 native plugins for Editor in 0.00 ms.
Unloading 1806 Unused Serialized files (Serialized files now loaded: 0)
System memory in use before: 102.2 MB.
System memory in use after: 102.3 MB.

Unloading 7 unused Assets to reduce memory usage. Loaded Objects now: 2366.
Total: 10.415090 ms (FindLiveObjects: 0.676977 ms CreateObjectMapping: 0.428082 ms MarkObjects: 9.229632 ms  DeleteObjects: 0.074839 ms)

========================================================================
Received Import Request.
  Time since last request: 1082.946422 seconds.
  path: Assets/game.unity
  artifactKey: Guid(2dcae0da6afb068479cf0eb30a7c6106) Importer(815301076,1909f56bfc062723c751e8b465ee728b)
Start importing Assets/game.unity using Guid(2dcae0da6afb068479cf0eb30a7c6106) Importer(815301076,1909f56bfc062723c751e8b465ee728b)  -> (artifact id: '5ad16602ae43916936bb228f4e49401c') in 0.117709 seconds
  Import took 0.140070 seconds .

========================================================================
Received Import Request.
  Time since last request: 86.836551 seconds.
  path: Assets/Scenes/GameOver.unity
  artifactKey: Guid(5354cf11a63735c4683f19afd37fb349) Importer(815301076,1909f56bfc062723c751e8b465ee728b)
Start importing Assets/Scenes/GameOver.unity using Guid(5354cf11a63735c4683f19afd37fb349) Importer(815301076,1909f56bfc062723c751e8b465ee728b)  -> (artifact id: '161e5dbe98ebbdae5ae254ebc425458d') in 0.018204 seconds
  Import took 0.054872 seconds .

========================================================================
Received Import Request.
  Time since last request: 114.536456 seconds.
  path: Assets/Scenes/GameOver.unity
  artifactKey: Guid(5354cf11a63735c4683f19afd37fb349) Importer(815301076,1909f56bfc062723c751e8b465ee728b)
Start importing Assets/Scenes/GameOver.unity using Guid(5354cf11a63735c4683f19afd37fb349) Importer(815301076,1909f56bfc062723c751e8b465ee728b)  -> (artifact id: '54f3267f2e793b6ffc01d46820fc47c8') in 0.019595 seconds
  Import took 0.051531 seconds .

========================================================================
Received Prepare
Registering precompiled user dll's ...
Registered in 0.004943 seconds.
Begin MonoManager ReloadAssembly
Native extension for WindowsStandalone target not found
Native extension for WebGL target not found
Refreshing native plugins compatible for Editor in 1.33 ms, found 1 plugins.
Preloading 0 native plugins for Editor in 0.00 ms.
Invoked RoslynAnalysisRunner static constructor.
RoslynAnalysisRunner will not be running.
RoslynAnalysisRunner has terminated.
Mono: successfully reloaded assembly
- Completed reload, in  3.444 seconds
Platform modules already initialized, skipping
Refreshing native plugins compatible for Editor in 1.53 ms, found 1 plugins.
Preloading 0 native plugins for Editor in 0.00 ms.
Unloading 1806 Unused Serialized files (Serialized files now loaded: 0)
System memory in use before: 102.2 MB.
System memory in use after: 102.3 MB.

Unloading 7 unused Assets to reduce memory usage. Loaded Objects now: 2370.
Total: 6.222796 ms (FindLiveObjects: 0.365217 ms CreateObjectMapping: 0.141554 ms MarkObjects: 5.657437 ms  DeleteObjects: 0.053884 ms)

========================================================================
Received Prepare
Registering precompiled user dll's ...
Registered in 0.005149 seconds.
Begin MonoManager ReloadAssembly
Native extension for WindowsStandalone target not found
Native extension for WebGL target not found
Refreshing native plugins compatible for Editor in 1.41 ms, found 1 plugins.
Preloading 0 native plugins for Editor in 0.00 ms.
Invoked RoslynAnalysisRunner static constructor.
RoslynAnalysisRunner will not be running.
RoslynAnalysisRunner has terminated.
Mono: successfully reloaded assembly
- Completed reload, in  5.200 seconds
Platform modules already initialized, skipping
Refreshing native plugins compatible for Editor in 1.77 ms, found 1 plugins.
Preloading 0 native plugins for Editor in 0.00 ms.
Unloading 1806 Unused Serialized files (Serialized files now loaded: 0)
System memory in use before: 102.2 MB.
System memory in use after: 102.3 MB.

Unloading 7 unused Assets to reduce memory usage. Loaded Objects now: 2374.
Total: 11.018082 ms (FindLiveObjects: 0.730433 ms CreateObjectMapping: 0.404133 ms MarkObjects: 9.809531 ms  DeleteObjects: 0.068425 ms)

========================================================================
Received Prepare
Registering precompiled user dll's ...
Registered in 0.003436 seconds.
Begin MonoManager ReloadAssembly
Native extension for WindowsStandalone target not found
Native extension for WebGL target not found
Refreshing native plugins compatible for Editor in 1.58 ms, found 1 plugins.
Preloading 0 native plugins for Editor in 0.00 ms.
Invoked RoslynAnalysisRunner static constructor.
RoslynAnalysisRunner will not be running.
RoslynAnalysisRunner has terminated.
Mono: successfully reloaded assembly
- Completed reload, in  4.718 seconds
Platform modules already initialized, skipping
Refreshing native plugins compatible for Editor in 1.96 ms, found 1 plugins.
Preloading 0 native plugins for Editor in 0.00 ms.
Unloading 1806 Unused Serialized files (Serialized files now loaded: 0)
System memory in use before: 102.2 MB.
System memory in use after: 102.3 MB.

Unloading 7 unused Assets to reduce memory usage. Loaded Objects now: 2378.
Total: 21.075653 ms (FindLiveObjects: 1.814537 ms CreateObjectMapping: 1.131145 ms MarkObjects: 18.047006 ms  DeleteObjects: 0.070135 ms)

========================================================================
Received Import Request.
  Time since last request: 254.526077 seconds.
  path: Assets/Scenes/GameOver.unity
  artifactKey: Guid(5354cf11a63735c4683f19afd37fb349) Importer(815301076,1909f56bfc062723c751e8b465ee728b)
Start importing Assets/Scenes/GameOver.unity using Guid(5354cf11a63735c4683f19afd37fb349) Importer(815301076,1909f56bfc062723c751e8b465ee728b)  -> (artifact id: '1b29cba63cb451ceaf1cf67fd0476e3c') in 0.090441 seconds
  Import took 0.108149 seconds .

========================================================================
Received Import Request.
  Time since last request: 97.446616 seconds.
  path: Assets/Scenes/GameOver.unity
  artifactKey: Guid(5354cf11a63735c4683f19afd37fb349) Importer(815301076,1909f56bfc062723c751e8b465ee728b)
Start importing Assets/Scenes/GameOver.unity using Guid(5354cf11a63735c4683f19afd37fb349) Importer(815301076,1909f56bfc062723c751e8b465ee728b)  -> (artifact id: '0ffe5c93a85c0dd4032d28d584fca0da') in 0.063049 seconds
  Import took 0.090152 seconds .

========================================================================
Received Prepare
Registering precompiled user dll's ...
Registered in 0.002317 seconds.
Begin MonoManager ReloadAssembly
Native extension for WindowsStandalone target not found
Native extension for WebGL target not found
Refreshing native plugins compatible for Editor in 1.20 ms, found 1 plugins.
Preloading 0 native plugins for Editor in 0.00 ms.
Invoked RoslynAnalysisRunner static constructor.
RoslynAnalysisRunner will not be running.
RoslynAnalysisRunner has terminated.
Mono: successfully reloaded assembly
- Completed reload, in  5.791 seconds
Platform modules already initialized, skipping
Refreshing native plugins compatible for Editor in 28.66 ms, found 1 plugins.
Preloading 0 native plugins for Editor in 0.00 ms.
Unloading 1806 Unused Serialized files (Serialized files now loaded: 0)
System memory in use before: 102.2 MB.
System memory in use after: 102.4 MB.

Unloading 7 unused Assets to reduce memory usage. Loaded Objects now: 2382.
Total: 7.342822 ms (FindLiveObjects: 0.539700 ms CreateObjectMapping: 0.244191 ms MarkObjects: 6.504192 ms  DeleteObjects: 0.049608 ms)

========================================================================
Received Prepare
Registering precompiled user dll's ...
Registered in 0.012805 seconds.
Begin MonoManager ReloadAssembly
Native extension for WindowsStandalone target not found
Native extension for WebGL target not found
Refreshing native plugins compatible for Editor in 1.49 ms, found 1 plugins.
Preloading 0 native plugins for Editor in 0.00 ms.
Invoked RoslynAnalysisRunner static constructor.
RoslynAnalysisRunner will not be running.
RoslynAnalysisRunner has terminated.
Mono: successfully reloaded assembly
- Completed reload, in  6.122 seconds
Platform modules already initialized, skipping
Refreshing native plugins compatible for Editor in 1.41 ms, found 1 plugins.
Preloading 0 native plugins for Editor in 0.00 ms.
Unloading 1806 Unused Serialized files (Serialized files now loaded: 0)
System memory in use before: 102.2 MB.
System memory in use after: 102.4 MB.

Unloading 7 unused Assets to reduce memory usage. Loaded Objects now: 2386.
Total: 7.897490 ms (FindLiveObjects: 0.620526 ms CreateObjectMapping: 0.225801 ms MarkObjects: 6.992146 ms  DeleteObjects: 0.053029 ms)

========================================================================
Received Prepare
Registering precompiled user dll's ...
Registered in 0.009795 seconds.
Begin MonoManager ReloadAssembly
Native extension for WindowsStandalone target not found
Native extension for WebGL target not found
Refreshing native plugins compatible for Editor in 1.15 ms, found 1 plugins.
Preloading 0 native plugins for Editor in 0.00 ms.
Invoked RoslynAnalysisRunner static constructor.
RoslynAnalysisRunner will not be running.
RoslynAnalysisRunner has terminated.
Mono: successfully reloaded assembly
- Completed reload, in  5.091 seconds
Platform modules already initialized, skipping
Refreshing native plugins compatible for Editor in 1.77 ms, found 1 plugins.
Preloading 0 native plugins for Editor in 0.00 ms.
Unloading 1806 Unused Serialized files (Serialized files now loaded: 0)
System memory in use before: 102.3 MB.
System memory in use after: 102.4 MB.

Unloading 7 unused Assets to reduce memory usage. Loaded Objects now: 2390.
Total: 9.828776 ms (FindLiveObjects: 1.503632 ms CreateObjectMapping: 0.428937 ms MarkObjects: 7.814525 ms  DeleteObjects: 0.076978 ms)

========================================================================
Received Prepare
Registering precompiled user dll's ...
Registered in 0.006018 seconds.
Begin MonoManager ReloadAssembly
Native extension for WindowsStandalone target not found
Native extension for WebGL target not found
Refreshing native plugins compatible for Editor in 1.19 ms, found 1 plugins.
Preloading 0 native plugins for Editor in 0.00 ms.
Invoked RoslynAnalysisRunner static constructor.
RoslynAnalysisRunner will not be running.
RoslynAnalysisRunner has terminated.
Mono: successfully reloaded assembly
- Completed reload, in  4.529 seconds
Platform modules already initialized, skipping
Refreshing native plugins compatible for Editor in 30.12 ms, found 1 plugins.
Preloading 0 native plugins for Editor in 0.00 ms.
Unloading 1806 Unused Serialized files (Serialized files now loaded: 0)
System memory in use before: 102.3 MB.
System memory in use after: 102.4 MB.

Unloading 7 unused Assets to reduce memory usage. Loaded Objects now: 2394.
Total: 10.190571 ms (FindLiveObjects: 0.497789 ms CreateObjectMapping: 0.245473 ms MarkObjects: 9.376745 ms  DeleteObjects: 0.065431 ms)

========================================================================
Received Prepare
Registering precompiled user dll's ...
Registered in 0.005482 seconds.
Begin MonoManager ReloadAssembly
Native extension for WindowsStandalone target not found
Native extension for WebGL target not found
Refreshing native plugins compatible for Editor in 1.42 ms, found 1 plugins.
Preloading 0 native plugins for Editor in 0.00 ms.
Invoked RoslynAnalysisRunner static constructor.
RoslynAnalysisRunner will not be running.
RoslynAnalysisRunner has terminated.
Mono: successfully reloaded assembly
- Completed reload, in  4.320 seconds
Platform modules already initialized, skipping
Refreshing native plugins compatible for Editor in 1.89 ms, found 1 plugins.
Preloading 0 native plugins for Editor in 0.00 ms.
Unloading 1806 Unused Serialized files (Serialized files now loaded: 0)
System memory in use before: 102.3 MB.
System memory in use after: 102.4 MB.

Unloading 7 unused Assets to reduce memory usage. Loaded Objects now: 2398.
Total: 7.412102 ms (FindLiveObjects: 0.504632 ms CreateObjectMapping: 0.245473 ms MarkObjects: 6.602553 ms  DeleteObjects: 0.054312 ms)

========================================================================
Received Prepare
Registering precompiled user dll's ...
Registered in 0.013226 seconds.
Begin MonoManager ReloadAssembly
Native extension for WindowsStandalone target not found
Native extension for WebGL target not found
Refreshing native plugins compatible for Editor in 3.06 ms, found 1 plugins.
Preloading 0 native plugins for Editor in 0.00 ms.
Invoked RoslynAnalysisRunner static constructor.
RoslynAnalysisRunner will not be running.
RoslynAnalysisRunner has terminated.
Mono: successfully reloaded assembly
- Completed reload, in  4.974 seconds
Platform modules already initialized, skipping
Refreshing native plugins compatible for Editor in 2.38 ms, found 1 plugins.
Preloading 0 native plugins for Editor in 0.00 ms.
Unloading 1806 Unused Serialized files (Serialized files now loaded: 0)
System memory in use before: 102.3 MB.
System memory in use after: 102.4 MB.

Unloading 7 unused Assets to reduce memory usage. Loaded Objects now: 2402.
Total: 7.734553 ms (FindLiveObjects: 0.553812 ms CreateObjectMapping: 0.229223 ms MarkObjects: 6.894641 ms  DeleteObjects: 0.052601 ms)

========================================================================
Received Prepare
Registering precompiled user dll's ...
Registered in 0.008364 seconds.
Begin MonoManager ReloadAssembly
Native extension for WindowsStandalone target not found
Native extension for WebGL target not found
Refreshing native plugins compatible for Editor in 1.96 ms, found 1 plugins.
Preloading 0 native plugins for Editor in 0.00 ms.
Invoked RoslynAnalysisRunner static constructor.
RoslynAnalysisRunner will not be running.
RoslynAnalysisRunner has terminated.
Mono: successfully reloaded assembly
- Completed reload, in  4.734 seconds
Platform modules already initialized, skipping
Refreshing native plugins compatible for Editor in 6.62 ms, found 1 plugins.
Preloading 0 native plugins for Editor in 0.00 ms.
Unloading 1806 Unused Serialized files (Serialized files now loaded: 0)
System memory in use before: 102.3 MB.
System memory in use after: 102.4 MB.

Unloading 7 unused Assets to reduce memory usage. Loaded Objects now: 2406.
Total: 8.719013 ms (FindLiveObjects: 0.506770 ms CreateObjectMapping: 0.238203 ms MarkObjects: 7.914168 ms  DeleteObjects: 0.054312 ms)

========================================================================
Received Prepare
Registering precompiled user dll's ...
Registered in 0.004673 seconds.
Begin MonoManager ReloadAssembly
Native extension for WindowsStandalone target not found
Native extension for WebGL target not found
Refreshing native plugins compatible for Editor in 1.41 ms, found 1 plugins.
Preloading 0 native plugins for Editor in 0.00 ms.
Invoked RoslynAnalysisRunner static constructor.
RoslynAnalysisRunner will not be running.
RoslynAnalysisRunner has terminated.
Mono: successfully reloaded assembly
- Completed reload, in  4.965 seconds
Platform modules already initialized, skipping
Refreshing native plugins compatible for Editor in 2.09 ms, found 1 plugins.
Preloading 0 native plugins for Editor in 0.00 ms.
Unloading 1806 Unused Serialized files (Serialized files now loaded: 0)
System memory in use before: 102.3 MB.
System memory in use after: 102.4 MB.

Unloading 7 unused Assets to reduce memory usage. Loaded Objects now: 2410.
Total: 10.143529 ms (FindLiveObjects: 0.766356 ms CreateObjectMapping: 0.325445 ms MarkObjects: 8.973040 ms  DeleteObjects: 0.073557 ms)

========================================================================
Received Prepare
Registering precompiled user dll's ...
Registered in 0.003665 seconds.
Begin MonoManager ReloadAssembly
Native extension for WindowsStandalone target not found
Native extension for WebGL target not found
Refreshing native plugins compatible for Editor in 1.58 ms, found 1 plugins.
Preloading 0 native plugins for Editor in 0.00 ms.
Invoked RoslynAnalysisRunner static constructor.
RoslynAnalysisRunner will not be running.
RoslynAnalysisRunner has terminated.
Mono: successfully reloaded assembly
- Completed reload, in  4.358 seconds
Platform modules already initialized, skipping
Refreshing native plugins compatible for Editor in 1.64 ms, found 1 plugins.
Preloading 0 native plugins for Editor in 0.00 ms.
Unloading 1806 Unused Serialized files (Serialized files now loaded: 0)
System memory in use before: 102.3 MB.
System memory in use after: 102.4 MB.

Unloading 7 unused Assets to reduce memory usage. Loaded Objects now: 2414.
Total: 4.360790 ms (FindLiveObjects: 0.351104 ms CreateObjectMapping: 0.138560 ms MarkObjects: 3.835630 ms  DeleteObjects: 0.033357 ms)

========================================================================
Received Import Request.
  Time since last request: 4527.336433 seconds.
  path: Assets/game.unity
  artifactKey: Guid(2dcae0da6afb068479cf0eb30a7c6106) Importer(815301076,1909f56bfc062723c751e8b465ee728b)
Start importing Assets/game.unity using Guid(2dcae0da6afb068479cf0eb30a7c6106) Importer(815301076,1909f56bfc062723c751e8b465ee728b)  -> (artifact id: '732ab03aac0d6461b6e04b0a7b1a24d1') in 0.035187 seconds
  Import took 0.046728 seconds .

========================================================================
Received Prepare
Registering precompiled user dll's ...
Registered in 0.004381 seconds.
Begin MonoManager ReloadAssembly
Native extension for WindowsStandalone target not found
Native extension for WebGL target not found
Refreshing native plugins compatible for Editor in 1.11 ms, found 1 plugins.
Preloading 0 native plugins for Editor in 0.00 ms.
Invoked RoslynAnalysisRunner static constructor.
RoslynAnalysisRunner will not be running.
RoslynAnalysisRunner has terminated.
Mono: successfully reloaded assembly
- Completed reload, in  4.566 seconds
Platform modules already initialized, skipping
Refreshing native plugins compatible for Editor in 1.73 ms, found 1 plugins.
Preloading 0 native plugins for Editor in 0.00 ms.
Unloading 1806 Unused Serialized files (Serialized files now loaded: 0)
System memory in use before: 102.3 MB.
System memory in use after: 102.4 MB.

Unloading 7 unused Assets to reduce memory usage. Loaded Objects now: 2418.
Total: 7.222224 ms (FindLiveObjects: 0.517889 ms CreateObjectMapping: 0.233072 ms MarkObjects: 6.410964 ms  DeleteObjects: 0.056023 ms)

========================================================================
Received Prepare
Registering precompiled user dll's ...
Registered in 0.007224 seconds.
Begin MonoManager ReloadAssembly
Native extension for WindowsStandalone target not found
Native extension for WebGL target not found
Refreshing native plugins compatible for Editor in 1.22 ms, found 1 plugins.
Preloading 0 native plugins for Editor in 0.00 ms.
Invoked RoslynAnalysisRunner static constructor.
RoslynAnalysisRunner will not be running.
RoslynAnalysisRunner has terminated.
Mono: successfully reloaded assembly
- Completed reload, in  5.663 seconds
Platform modules already initialized, skipping
Refreshing native plugins compatible for Editor in 4.54 ms, found 1 plugins.
Preloading 0 native plugins for Editor in 0.00 ms.
Unloading 1806 Unused Serialized files (Serialized files now loaded: 0)
System memory in use before: 102.3 MB.
System memory in use after: 102.5 MB.

Unloading 7 unused Assets to reduce memory usage. Loaded Objects now: 2422.
Total: 8.145957 ms (FindLiveObjects: 0.581182 ms CreateObjectMapping: 0.576478 ms MarkObjects: 6.913457 ms  DeleteObjects: 0.069708 ms)

========================================================================
Received Prepare
Registering precompiled user dll's ...
Registered in 0.003417 seconds.
Begin MonoManager ReloadAssembly
Native extension for WindowsStandalone target not found
Native extension for WebGL target not found
Refreshing native plugins compatible for Editor in 1.63 ms, found 1 plugins.
Preloading 0 native plugins for Editor in 0.00 ms.
Invoked RoslynAnalysisRunner static constructor.
RoslynAnalysisRunner will not be running.
RoslynAnalysisRunner has terminated.
Mono: successfully reloaded assembly
- Completed reload, in  4.249 seconds
Platform modules already initialized, skipping
Refreshing native plugins compatible for Editor in 1.31 ms, found 1 plugins.
Preloading 0 native plugins for Editor in 0.00 ms.
Unloading 1806 Unused Serialized files (Serialized files now loaded: 0)
System memory in use before: 102.4 MB.
System memory in use after: 102.5 MB.

Unloading 7 unused Assets to reduce memory usage. Loaded Objects now: 2426.
Total: 5.572334 ms (FindLiveObjects: 0.694938 ms CreateObjectMapping: 0.207412 ms MarkObjects: 4.624652 ms  DeleteObjects: 0.042338 ms)

========================================================================
Received Prepare
Registering precompiled user dll's ...
Registered in 0.001744 seconds.
Begin MonoManager ReloadAssembly
Native extension for WindowsStandalone target not found
Native extension for WebGL target not found
Refreshing native plugins compatible for Editor in 1.30 ms, found 1 plugins.
Preloading 0 native plugins for Editor in 0.00 ms.
Invoked RoslynAnalysisRunner static constructor.
RoslynAnalysisRunner will not be running.
RoslynAnalysisRunner has terminated.
Mono: successfully reloaded assembly
- Completed reload, in  5.158 seconds
Platform modules already initialized, skipping
Refreshing native plugins compatible for Editor in 1.48 ms, found 1 plugins.
Preloading 0 native plugins for Editor in 0.00 ms.
Unloading 1806 Unused Serialized files (Serialized files now loaded: 0)
System memory in use before: 102.4 MB.
System memory in use after: 102.5 MB.

Unloading 7 unused Assets to reduce memory usage. Loaded Objects now: 2430.
Total: 8.488935 ms (FindLiveObjects: 0.758231 ms CreateObjectMapping: 0.245901 ms MarkObjects: 7.434340 ms  DeleteObjects: 0.045759 ms)

========================================================================
Received Prepare
Registering precompiled user dll's ...
Registered in 0.006009 seconds.
Begin MonoManager ReloadAssembly
Native extension for WindowsStandalone target not found
Native extension for WebGL target not found
Refreshing native plugins compatible for Editor in 0.76 ms, found 1 plugins.
Preloading 0 native plugins for Editor in 0.00 ms.
Invoked RoslynAnalysisRunner static constructor.
RoslynAnalysisRunner will not be running.
RoslynAnalysisRunner has terminated.
Mono: successfully reloaded assembly
- Completed reload, in  4.800 seconds
Platform modules already initialized, skipping
Refreshing native plugins compatible for Editor in 2.52 ms, found 1 plugins.
Preloading 0 native plugins for Editor in 0.00 ms.
Unloading 1806 Unused Serialized files (Serialized files now loaded: 0)
System memory in use before: 102.4 MB.
System memory in use after: 102.5 MB.

Unloading 7 unused Assets to reduce memory usage. Loaded Objects now: 2434.
Total: 12.166334 ms (FindLiveObjects: 1.437773 ms CreateObjectMapping: 1.719597 ms MarkObjects: 8.950802 ms  DeleteObjects: 0.052601 ms)

========================================================================
Received Prepare
Registering precompiled user dll's ...
Registered in 0.005537 seconds.
Begin MonoManager ReloadAssembly
Native extension for WindowsStandalone target not found
Native extension for WebGL target not found
Refreshing native plugins compatible for Editor in 1.11 ms, found 1 plugins.
Preloading 0 native plugins for Editor in 0.00 ms.
Invoked RoslynAnalysisRunner static constructor.
RoslynAnalysisRunner will not be running.
RoslynAnalysisRunner has terminated.
Mono: successfully reloaded assembly
- Completed reload, in  4.975 seconds
Platform modules already initialized, skipping
Refreshing native plugins compatible for Editor in 1.29 ms, found 1 plugins.
Preloading 0 native plugins for Editor in 0.00 ms.
Unloading 1806 Unused Serialized files (Serialized files now loaded: 0)
System memory in use before: 102.4 MB.
System memory in use after: 102.5 MB.

Unloading 7 unused Assets to reduce memory usage. Loaded Objects now: 2438.
Total: 10.867975 ms (FindLiveObjects: 2.639482 ms CreateObjectMapping: 0.770633 ms MarkObjects: 7.403977 ms  DeleteObjects: 0.049180 ms)

========================================================================
Received Prepare
Registering precompiled user dll's ...
Registered in 0.003836 seconds.
Begin MonoManager ReloadAssembly
Native extension for WindowsStandalone target not found
Native extension for WebGL target not found
Refreshing native plugins compatible for Editor in 1.28 ms, found 1 plugins.
Preloading 0 native plugins for Editor in 0.00 ms.
Invoked RoslynAnalysisRunner static constructor.
RoslynAnalysisRunner will not be running.
RoslynAnalysisRunner has terminated.
Mono: successfully reloaded assembly
- Completed reload, in  3.443 seconds
Platform modules already initialized, skipping
Refreshing native plugins compatible for Editor in 1.33 ms, found 1 plugins.
Preloading 0 native plugins for Editor in 0.00 ms.
Unloading 1806 Unused Serialized files (Serialized files now loaded: 0)
System memory in use before: 102.4 MB.
System memory in use after: 102.5 MB.

Unloading 7 unused Assets to reduce memory usage. Loaded Objects now: 2442.
Total: 4.593433 ms (FindLiveObjects: 0.458018 ms CreateObjectMapping: 0.181325 ms MarkObjects: 3.919023 ms  DeleteObjects: 0.032929 ms)

========================================================================
Received Prepare
Registering precompiled user dll's ...
Registered in 0.003498 seconds.
Begin MonoManager ReloadAssembly
Native extension for WindowsStandalone target not found
Native extension for WebGL target not found
Refreshing native plugins compatible for Editor in 1.21 ms, found 1 plugins.
Preloading 0 native plugins for Editor in 0.00 ms.
Invoked RoslynAnalysisRunner static constructor.
RoslynAnalysisRunner will not be running.
RoslynAnalysisRunner has terminated.
Mono: successfully reloaded assembly
- Completed reload, in  5.103 seconds
Platform modules already initialized, skipping
Refreshing native plugins compatible for Editor in 2.04 ms, found 1 plugins.
Preloading 0 native plugins for Editor in 0.00 ms.
Unloading 1806 Unused Serialized files (Serialized files now loaded: 0)
System memory in use before: 102.4 MB.
System memory in use after: 102.5 MB.

Unloading 7 unused Assets to reduce memory usage. Loaded Objects now: 2446.
Total: 7.271832 ms (FindLiveObjects: 0.517889 ms CreateObjectMapping: 0.229223 ms MarkObjects: 6.459289 ms  DeleteObjects: 0.061582 ms)

========================================================================
Received Prepare
Registering precompiled user dll's ...
Registered in 0.004384 seconds.
Begin MonoManager ReloadAssembly
Native extension for WindowsStandalone target not found
Native extension for WebGL target not found
Refreshing native plugins compatible for Editor in 1.02 ms, found 1 plugins.
Preloading 0 native plugins for Editor in 0.00 ms.
Invoked RoslynAnalysisRunner static constructor.
RoslynAnalysisRunner will not be running.
RoslynAnalysisRunner has terminated.
Mono: successfully reloaded assembly
- Completed reload, in  4.718 seconds
Platform modules already initialized, skipping
Refreshing native plugins compatible for Editor in 1.44 ms, found 1 plugins.
Preloading 0 native plugins for Editor in 0.00 ms.
Unloading 1806 Unused Serialized files (Serialized files now loaded: 0)
System memory in use before: 102.4 MB.
System memory in use after: 102.5 MB.

Unloading 7 unused Assets to reduce memory usage. Loaded Objects now: 2450.
Total: 7.854724 ms (FindLiveObjects: 0.386172 ms CreateObjectMapping: 0.153956 ms MarkObjects: 7.273114 ms  DeleteObjects: 0.038061 ms)

========================================================================
Received Prepare
Registering precompiled user dll's ...
Registered in 0.004173 seconds.
Begin MonoManager ReloadAssembly
Native extension for WindowsStandalone target not found
Native extension for WebGL target not found
Refreshing native plugins compatible for Editor in 1.09 ms, found 1 plugins.
Preloading 0 native plugins for Editor in 0.00 ms.
Invoked RoslynAnalysisRunner static constructor.
RoslynAnalysisRunner will not be running.
RoslynAnalysisRunner has terminated.
Mono: successfully reloaded assembly
- Completed reload, in  4.952 seconds
Platform modules already initialized, skipping
Refreshing native plugins compatible for Editor in 1.74 ms, found 1 plugins.
Preloading 0 native plugins for Editor in 0.00 ms.
Unloading 1806 Unused Serialized files (Serialized files now loaded: 0)
System memory in use before: 102.4 MB.
System memory in use after: 102.5 MB.

Unloading 7 unused Assets to reduce memory usage. Loaded Objects now: 2454.
Total: 7.492073 ms (FindLiveObjects: 0.795437 ms CreateObjectMapping: 0.416963 ms MarkObjects: 6.221941 ms  DeleteObjects: 0.053029 ms)

========================================================================
Received Prepare
Registering precompiled user dll's ...
Registered in 0.006404 seconds.
Begin MonoManager ReloadAssembly
Native extension for WindowsStandalone target not found
Native extension for WebGL target not found
Refreshing native plugins compatible for Editor in 1.18 ms, found 1 plugins.
Preloading 0 native plugins for Editor in 0.00 ms.
Invoked RoslynAnalysisRunner static constructor.
RoslynAnalysisRunner will not be running.
RoslynAnalysisRunner has terminated.
Mono: successfully reloaded assembly
- Completed reload, in  4.677 seconds
Platform modules already initialized, skipping
Refreshing native plugins compatible for Editor in 1.91 ms, found 1 plugins.
Preloading 0 native plugins for Editor in 0.00 ms.
Unloading 1806 Unused Serialized files (Serialized files now loaded: 0)
System memory in use before: 102.4 MB.
System memory in use after: 102.5 MB.

Unloading 7 unused Assets to reduce memory usage. Loaded Objects now: 2458.
Total: 6.558077 ms (FindLiveObjects: 0.426799 ms CreateObjectMapping: 0.192872 ms MarkObjects: 5.880245 ms  DeleteObjects: 0.044904 ms)

========================================================================
Received Prepare
Registering precompiled user dll's ...
Registered in 0.003913 seconds.
Begin MonoManager ReloadAssembly
Native extension for WindowsStandalone target not found
Native extension for WebGL target not found
Refreshing native plugins compatible for Editor in 1.91 ms, found 1 plugins.
Preloading 0 native plugins for Editor in 0.00 ms.
Invoked RoslynAnalysisRunner static constructor.
RoslynAnalysisRunner will not be running.
RoslynAnalysisRunner has terminated.
Mono: successfully reloaded assembly
- Completed reload, in  4.568 seconds
Platform modules already initialized, skipping
Refreshing native plugins compatible for Editor in 2.36 ms, found 1 plugins.
Preloading 0 native plugins for Editor in 0.00 ms.
Unloading 1806 Unused Serialized files (Serialized files now loaded: 0)
System memory in use before: 102.4 MB.
System memory in use after: 102.5 MB.

Unloading 7 unused Assets to reduce memory usage. Loaded Objects now: 2462.
Total: 11.999548 ms (FindLiveObjects: 1.014823 ms CreateObjectMapping: 0.342979 ms MarkObjects: 10.563486 ms  DeleteObjects: 0.071418 ms)

========================================================================
Received Prepare
Registering precompiled user dll's ...
Registered in 0.003399 seconds.
Begin MonoManager ReloadAssembly
Native extension for WindowsStandalone target not found
Native extension for WebGL target not found
Refreshing native plugins compatible for Editor in 1.36 ms, found 1 plugins.
Preloading 0 native plugins for Editor in 0.00 ms.
Invoked RoslynAnalysisRunner static constructor.
RoslynAnalysisRunner will not be running.
RoslynAnalysisRunner has terminated.
Mono: successfully reloaded assembly
- Completed reload, in  4.486 seconds
Platform modules already initialized, skipping
Refreshing native plugins compatible for Editor in 1.24 ms, found 1 plugins.
Preloading 0 native plugins for Editor in 0.00 ms.
Unloading 1806 Unused Serialized files (Serialized files now loaded: 0)
System memory in use before: 102.4 MB.
System memory in use after: 102.6 MB.

Unloading 7 unused Assets to reduce memory usage. Loaded Objects now: 2466.
Total: 5.057011 ms (FindLiveObjects: 0.401140 ms CreateObjectMapping: 0.153528 ms MarkObjects: 4.459578 ms  DeleteObjects: 0.039772 ms)

========================================================================
Received Prepare
Registering precompiled user dll's ...
Registered in 0.004175 seconds.
Begin MonoManager ReloadAssembly
Native extension for WindowsStandalone target not found
Native extension for WebGL target not found
Refreshing native plugins compatible for Editor in 1.38 ms, found 1 plugins.
Preloading 0 native plugins for Editor in 0.00 ms.
Invoked RoslynAnalysisRunner static constructor.
RoslynAnalysisRunner will not be running.
RoslynAnalysisRunner has terminated.
Mono: successfully reloaded assembly
- Completed reload, in  5.691 seconds
Platform modules already initialized, skipping
Refreshing native plugins compatible for Editor in 3.18 ms, found 1 plugins.
Preloading 0 native plugins for Editor in 0.00 ms.
Unloading 1806 Unused Serialized files (Serialized files now loaded: 0)
System memory in use before: 102.4 MB.
System memory in use after: 102.6 MB.

Unloading 7 unused Assets to reduce memory usage. Loaded Objects now: 2470.
Total: 8.289221 ms (FindLiveObjects: 0.525587 ms CreateObjectMapping: 0.221097 ms MarkObjects: 7.477961 ms  DeleteObjects: 0.060727 ms)

========================================================================
Received Prepare
Registering precompiled user dll's ...
Registered in 0.015035 seconds.
Begin MonoManager ReloadAssembly
Native extension for WindowsStandalone target not found
Native extension for WebGL target not found
Refreshing native plugins compatible for Editor in 1.13 ms, found 1 plugins.
Preloading 0 native plugins for Editor in 0.00 ms.
Invoked RoslynAnalysisRunner static constructor.
RoslynAnalysisRunner will not be running.
RoslynAnalysisRunner has terminated.
Mono: successfully reloaded assembly
- Completed reload, in  3.968 seconds
Platform modules already initialized, skipping
Refreshing native plugins compatible for Editor in 1.83 ms, found 1 plugins.
Preloading 0 native plugins for Editor in 0.00 ms.
Unloading 1806 Unused Serialized files (Serialized files now loaded: 0)
System memory in use before: 102.5 MB.
System memory in use after: 102.6 MB.

Unloading 7 unused Assets to reduce memory usage. Loaded Objects now: 2474.
Total: 8.538116 ms (FindLiveObjects: 1.526725 ms CreateObjectMapping: 0.591873 ms MarkObjects: 6.357935 ms  DeleteObjects: 0.055595 ms)

========================================================================
Received Prepare
Registering precompiled user dll's ...
Registered in 0.007453 seconds.
Begin MonoManager ReloadAssembly
Native extension for WindowsStandalone target not found
Native extension for WebGL target not found
Refreshing native plugins compatible for Editor in 0.61 ms, found 1 plugins.
Preloading 0 native plugins for Editor in 0.00 ms.
Invoked RoslynAnalysisRunner static constructor.
RoslynAnalysisRunner will not be running.
RoslynAnalysisRunner has terminated.
Mono: successfully reloaded assembly
- Completed reload, in  2.083 seconds
Platform modules already initialized, skipping
Refreshing native plugins compatible for Editor in 0.80 ms, found 1 plugins.
Preloading 0 native plugins for Editor in 0.00 ms.
Unloading 1806 Unused Serialized files (Serialized files now loaded: 0)
System memory in use before: 102.5 MB.
System memory in use after: 102.6 MB.

Unloading 7 unused Assets to reduce memory usage. Loaded Objects now: 2478.
Total: 2.754948 ms (FindLiveObjects: 0.257020 ms CreateObjectMapping: 0.086814 ms MarkObjects: 2.385883 ms  DeleteObjects: 0.022666 ms)

========================================================================
Received Prepare
Registering precompiled user dll's ...
Registered in 0.003762 seconds.
Begin MonoManager ReloadAssembly
Native extension for WindowsStandalone target not found
Native extension for WebGL target not found
Refreshing native plugins compatible for Editor in 3.18 ms, found 1 plugins.
Preloading 0 native plugins for Editor in 0.00 ms.
Invoked RoslynAnalysisRunner static constructor.
RoslynAnalysisRunner will not be running.
RoslynAnalysisRunner has terminated.
Mono: successfully reloaded assembly
- Completed reload, in  4.268 seconds
Platform modules already initialized, skipping
Refreshing native plugins compatible for Editor in 1.58 ms, found 1 plugins.
Preloading 0 native plugins for Editor in 0.00 ms.
Unloading 1806 Unused Serialized files (Serialized files now loaded: 0)
System memory in use before: 102.5 MB.
System memory in use after: 102.6 MB.

Unloading 7 unused Assets to reduce memory usage. Loaded Objects now: 2482.
Total: 11.012095 ms (FindLiveObjects: 0.697504 ms CreateObjectMapping: 0.271988 ms MarkObjects: 9.989574 ms  DeleteObjects: 0.049180 ms)

========================================================================
Received Prepare
Registering precompiled user dll's ...
Registered in 0.003469 seconds.
Begin MonoManager ReloadAssembly
Native extension for WindowsStandalone target not found
Native extension for WebGL target not found
Refreshing native plugins compatible for Editor in 1.30 ms, found 1 plugins.
Preloading 0 native plugins for Editor in 0.00 ms.
Invoked RoslynAnalysisRunner static constructor.
RoslynAnalysisRunner will not be running.
RoslynAnalysisRunner has terminated.
Mono: successfully reloaded assembly
- Completed reload, in  5.242 seconds
Platform modules already initialized, skipping
Refreshing native plugins compatible for Editor in 2.41 ms, found 1 plugins.
Preloading 0 native plugins for Editor in 0.00 ms.
Unloading 1806 Unused Serialized files (Serialized files now loaded: 0)
System memory in use before: 102.5 MB.
System memory in use after: 102.6 MB.

Unloading 7 unused Assets to reduce memory usage. Loaded Objects now: 2486.
Total: 5.688656 ms (FindLiveObjects: 0.398146 ms CreateObjectMapping: 0.166357 ms MarkObjects: 5.080104 ms  DeleteObjects: 0.041055 ms)

========================================================================
Received Prepare
Registering precompiled user dll's ...
Registered in 0.003513 seconds.
Begin MonoManager ReloadAssembly
Native extension for WindowsStandalone target not found
Native extension for WebGL target not found
Refreshing native plugins compatible for Editor in 0.98 ms, found 1 plugins.
Preloading 0 native plugins for Editor in 0.00 ms.
Invoked RoslynAnalysisRunner static constructor.
RoslynAnalysisRunner will not be running.
RoslynAnalysisRunner has terminated.
Mono: successfully reloaded assembly
- Completed reload, in  4.996 seconds
Platform modules already initialized, skipping
Refreshing native plugins compatible for Editor in 1.04 ms, found 1 plugins.
Preloading 0 native plugins for Editor in 0.00 ms.
Unloading 1806 Unused Serialized files (Serialized files now loaded: 0)
System memory in use before: 102.5 MB.
System memory in use after: 102.6 MB.

Unloading 7 unused Assets to reduce memory usage. Loaded Objects now: 2490.
Total: 4.231638 ms (FindLiveObjects: 0.456307 ms CreateObjectMapping: 0.154383 ms MarkObjects: 3.586736 ms  DeleteObjects: 0.031646 ms)

========================================================================
Received Prepare
Registering precompiled user dll's ...
Registered in 0.003850 seconds.
Begin MonoManager ReloadAssembly
Native extension for WindowsStandalone target not found
Native extension for WebGL target not found
Refreshing native plugins compatible for Editor in 1.09 ms, found 1 plugins.
Preloading 0 native plugins for Editor in 0.00 ms.
Invoked RoslynAnalysisRunner static constructor.
RoslynAnalysisRunner will not be running.
RoslynAnalysisRunner has terminated.
Mono: successfully reloaded assembly
- Completed reload, in  4.851 seconds
Platform modules already initialized, skipping
Refreshing native plugins compatible for Editor in 10.19 ms, found 1 plugins.
Preloading 0 native plugins for Editor in 0.00 ms.
Unloading 1806 Unused Serialized files (Serialized files now loaded: 0)
System memory in use before: 102.5 MB.
System memory in use after: 102.6 MB.

Unloading 7 unused Assets to reduce memory usage. Loaded Objects now: 2494.
Total: 11.112594 ms (FindLiveObjects: 0.402423 ms CreateObjectMapping: 0.112045 ms MarkObjects: 9.094921 ms  DeleteObjects: 1.501066 ms)

========================================================================
Received Prepare
Registering precompiled user dll's ...
Registered in 0.003589 seconds.
Begin MonoManager ReloadAssembly
Native extension for WindowsStandalone target not found
Native extension for WebGL target not found
Refreshing native plugins compatible for Editor in 1.18 ms, found 1 plugins.
Preloading 0 native plugins for Editor in 0.00 ms.
Invoked RoslynAnalysisRunner static constructor.
RoslynAnalysisRunner will not be running.
RoslynAnalysisRunner has terminated.
Mono: successfully reloaded assembly
- Completed reload, in  4.313 seconds
Platform modules already initialized, skipping
Refreshing native plugins compatible for Editor in 2.52 ms, found 1 plugins.
Preloading 0 native plugins for Editor in 0.00 ms.
Unloading 1806 Unused Serialized files (Serialized files now loaded: 0)
System memory in use before: 102.5 MB.
System memory in use after: 102.6 MB.

Unloading 7 unused Assets to reduce memory usage. Loaded Objects now: 2498.
Total: 7.721296 ms (FindLiveObjects: 0.517034 ms CreateObjectMapping: 0.226657 ms MarkObjects: 6.921155 ms  DeleteObjects: 0.051746 ms)

========================================================================
Received Import Request.
  Time since last request: 30435.130113 seconds.
  path: Assets/Images/Clicker2.cs
  artifactKey: Guid(2d7326dde42da604d881a698135d175d) Importer(815301076,1909f56bfc062723c751e8b465ee728b)
Start importing Assets/Images/Clicker2.cs using Guid(2d7326dde42da604d881a698135d175d) Importer(815301076,1909f56bfc062723c751e8b465ee728b)  -> (artifact id: 'df08b4e68d9673ea0c124b68bb635674') in 0.552760 seconds
  Import took 0.616916 seconds .

========================================================================
Received Prepare
Registering precompiled user dll's ...
Registered in 0.003762 seconds.
Begin MonoManager ReloadAssembly
Native extension for WindowsStandalone target not found
Native extension for WebGL target not found
Refreshing native plugins compatible for Editor in 1.10 ms, found 1 plugins.
Preloading 0 native plugins for Editor in 0.00 ms.
Invoked RoslynAnalysisRunner static constructor.
RoslynAnalysisRunner will not be running.
RoslynAnalysisRunner has terminated.
Mono: successfully reloaded assembly
- Completed reload, in  6.580 seconds
Platform modules already initialized, skipping
Refreshing native plugins compatible for Editor in 7.83 ms, found 1 plugins.
Preloading 0 native plugins for Editor in 0.00 ms.
Unloading 1807 Unused Serialized files (Serialized files now loaded: 0)
System memory in use before: 102.5 MB.
System memory in use after: 102.7 MB.

Unloading 7 unused Assets to reduce memory usage. Loaded Objects now: 2503.
Total: 10.286793 ms (FindLiveObjects: 0.773199 ms CreateObjectMapping: 0.293371 ms MarkObjects: 9.105613 ms  DeleteObjects: 0.108197 ms)

========================================================================
Received Prepare
Registering precompiled user dll's ...
Registered in 0.006984 seconds.
Begin MonoManager ReloadAssembly
Native extension for WindowsStandalone target not found
Native extension for WebGL target not found
Refreshing native plugins compatible for Editor in 1.78 ms, found 1 plugins.
Preloading 0 native plugins for Editor in 0.00 ms.
Invoked RoslynAnalysisRunner static constructor.
RoslynAnalysisRunner will not be running.
RoslynAnalysisRunner has terminated.
Mono: successfully reloaded assembly
- Completed reload, in  4.952 seconds
Platform modules already initialized, skipping
Refreshing native plugins compatible for Editor in 1.44 ms, found 1 plugins.
Preloading 0 native plugins for Editor in 0.00 ms.
Unloading 1807 Unused Serialized files (Serialized files now loaded: 0)
System memory in use before: 102.5 MB.
System memory in use after: 102.7 MB.

Unloading 7 unused Assets to reduce memory usage. Loaded Objects now: 2507.
Total: 6.206545 ms (FindLiveObjects: 0.524732 ms CreateObjectMapping: 0.210834 ms MarkObjects: 5.403838 ms  DeleteObjects: 0.053457 ms)

========================================================================
Received Import Request.
  Time since last request: 135.232748 seconds.
  path: Assets/Images/Clicker2.cs
  artifactKey: Guid(2d7326dde42da604d881a698135d175d) Importer(815301076,1909f56bfc062723c751e8b465ee728b)
Start importing Assets/Images/Clicker2.cs using Guid(2d7326dde42da604d881a698135d175d) Importer(815301076,1909f56bfc062723c751e8b465ee728b)  -> (artifact id: '577c5f5aaee0b2880ab434cc5739e171') in 0.014757 seconds
  Import took 0.025081 seconds .

========================================================================
Received Prepare
Registering precompiled user dll's ...
Registered in 0.013613 seconds.
Begin MonoManager ReloadAssembly
Native extension for WindowsStandalone target not found
Native extension for WebGL target not found
Refreshing native plugins compatible for Editor in 1.43 ms, found 1 plugins.
Preloading 0 native plugins for Editor in 0.00 ms.
Invoked RoslynAnalysisRunner static constructor.
RoslynAnalysisRunner will not be running.
RoslynAnalysisRunner has terminated.
Mono: successfully reloaded assembly
- Completed reload, in  4.582 seconds
Platform modules already initialized, skipping
Refreshing native plugins compatible for Editor in 3.49 ms, found 1 plugins.
Preloading 0 native plugins for Editor in 0.00 ms.
Unloading 1807 Unused Serialized files (Serialized files now loaded: 0)
System memory in use before: 102.6 MB.
System memory in use after: 102.7 MB.

Unloading 7 unused Assets to reduce memory usage. Loaded Objects now: 2511.
Total: 8.010818 ms (FindLiveObjects: 0.942550 ms CreateObjectMapping: 0.348110 ms MarkObjects: 6.663280 ms  DeleteObjects: 0.052601 ms)

========================================================================
Received Prepare
Registering precompiled user dll's ...
Registered in 0.003377 seconds.
Begin MonoManager ReloadAssembly
Native extension for WindowsStandalone target not found
Native extension for WebGL target not found
Refreshing native plugins compatible for Editor in 1.83 ms, found 1 plugins.
Preloading 0 native plugins for Editor in 0.00 ms.
Invoked RoslynAnalysisRunner static constructor.
RoslynAnalysisRunner will not be running.
RoslynAnalysisRunner has terminated.
Mono: successfully reloaded assembly
- Completed reload, in  5.023 seconds
Platform modules already initialized, skipping
Refreshing native plugins compatible for Editor in 2.51 ms, found 1 plugins.
Preloading 0 native plugins for Editor in 0.00 ms.
Unloading 1807 Unused Serialized files (Serialized files now loaded: 0)
System memory in use before: 102.6 MB.
System memory in use after: 102.7 MB.

Unloading 7 unused Assets to reduce memory usage. Loaded Objects now: 2515.
Total: 12.607673 ms (FindLiveObjects: 0.730433 ms CreateObjectMapping: 0.506343 ms MarkObjects: 11.279379 ms  DeleteObjects: 0.085531 ms)

========================================================================
Received Prepare
Registering precompiled user dll's ...
Registered in 0.019622 seconds.
Begin MonoManager ReloadAssembly
Native extension for WindowsStandalone target not found
Native extension for WebGL target not found
Refreshing native plugins compatible for Editor in 0.66 ms, found 1 plugins.
Preloading 0 native plugins for Editor in 0.00 ms.
Invoked RoslynAnalysisRunner static constructor.
RoslynAnalysisRunner will not be running.
RoslynAnalysisRunner has terminated.
Mono: successfully reloaded assembly
- Completed reload, in  2.464 seconds
Platform modules already initialized, skipping
Refreshing native plugins compatible for Editor in 1.55 ms, found 1 plugins.
Preloading 0 native plugins for Editor in 0.00 ms.
Unloading 1807 Unused Serialized files (Serialized files now loaded: 0)
System memory in use before: 102.6 MB.
System memory in use after: 102.7 MB.

Unloading 7 unused Assets to reduce memory usage. Loaded Objects now: 2519.
Total: 8.653582 ms (FindLiveObjects: 0.886955 ms CreateObjectMapping: 0.410976 ms MarkObjects: 7.286799 ms  DeleteObjects: 0.059016 ms)

========================================================================
Received Prepare
Registering precompiled user dll's ...
Registered in 0.078756 seconds.
Begin MonoManager ReloadAssembly
Native extension for WindowsStandalone target not found
Native extension for WebGL target not found
Refreshing native plugins compatible for Editor in 0.86 ms, found 1 plugins.
Preloading 0 native plugins for Editor in 0.00 ms.
Invoked RoslynAnalysisRunner static constructor.
RoslynAnalysisRunner will not be running.
RoslynAnalysisRunner has terminated.
Mono: successfully reloaded assembly
- Completed reload, in  2.370 seconds
Platform modules already initialized, skipping
Refreshing native plugins compatible for Editor in 0.88 ms, found 1 plugins.
Preloading 0 native plugins for Editor in 0.00 ms.
Unloading 1806 Unused Serialized files (Serialized files now loaded: 0)
System memory in use before: 102.6 MB.
System memory in use after: 102.7 MB.

Unloading 8 unused Assets to reduce memory usage. Loaded Objects now: 2522.
Total: 4.497211 ms (FindLiveObjects: 0.411403 ms CreateObjectMapping: 0.120598 ms MarkObjects: 3.928431 ms  DeleteObjects: 0.033357 ms)

========================================================================
Received Prepare
Registering precompiled user dll's ...
Registered in 0.001593 seconds.
Begin MonoManager ReloadAssembly
Native extension for WindowsStandalone target not found
Native extension for WebGL target not found
Refreshing native plugins compatible for Editor in 1.40 ms, found 1 plugins.
Preloading 0 native plugins for Editor in 0.00 ms.
Invoked RoslynAnalysisRunner static constructor.
RoslynAnalysisRunner will not be running.
RoslynAnalysisRunner has terminated.
Mono: successfully reloaded assembly
- Completed reload, in  3.461 seconds
Platform modules already initialized, skipping
Refreshing native plugins compatible for Editor in 2.01 ms, found 1 plugins.
Preloading 0 native plugins for Editor in 0.00 ms.
Unloading 1806 Unused Serialized files (Serialized files now loaded: 0)
System memory in use before: 102.6 MB.
System memory in use after: 102.7 MB.

Unloading 7 unused Assets to reduce memory usage. Loaded Objects now: 2526.
Total: 8.530845 ms (FindLiveObjects: 0.539272 ms CreateObjectMapping: 0.230078 ms MarkObjects: 7.702907 ms  DeleteObjects: 0.052601 ms)

========================================================================
Received Prepare
Registering precompiled user dll's ...
Registered in 0.009461 seconds.
Begin MonoManager ReloadAssembly
Native extension for WindowsStandalone target not found
Native extension for WebGL target not found
Refreshing native plugins compatible for Editor in 1.20 ms, found 1 plugins.
Preloading 0 native plugins for Editor in 0.00 ms.
Invoked RoslynAnalysisRunner static constructor.
RoslynAnalysisRunner will not be running.
RoslynAnalysisRunner has terminated.
Mono: successfully reloaded assembly
- Completed reload, in  3.933 seconds
Platform modules already initialized, skipping
Refreshing native plugins compatible for Editor in 5.41 ms, found 1 plugins.
Preloading 0 native plugins for Editor in 0.00 ms.
Unloading 1806 Unused Serialized files (Serialized files now loaded: 0)
System memory in use before: 102.6 MB.
System memory in use after: 102.7 MB.

Unloading 7 unused Assets to reduce memory usage. Loaded Objects now: 2530.
Total: 5.855013 ms (FindLiveObjects: 0.449465 ms CreateObjectMapping: 0.189878 ms MarkObjects: 5.160075 ms  DeleteObjects: 0.052174 ms)

AssetImportWorkerClient::OnTransportError - code=2 error=End of file
